<?xml version="1.0" encoding="UTF-8"?>
<testsuite xmlns:xsi="http://www.w3.org/2001/XMLSchema-instance" xsi:noNamespaceSchemaLocation="https://maven.apache.org/surefire/maven-surefire-plugin/xsd/surefire-test-report-3.0.xsd" version="3.0" name="io.trust.client.starter.TrustClientAutoConfigurationTest" time="0.958" tests="5" errors="0" skipped="0" failures="0">
  <properties>
[...]
</properties>
  <testcase name="shouldCreateApiClientWithIncompleteConfigUsingDefaults" classname="io.trust.client.starter.TrustClientAutoConfigurationTest" time="0.677"/>
  <testcase name="shouldCreateApiClientWithCompleteConfig" classname="io.trust.client.starter.TrustClientAutoConfigurationTest" time="0.051"/>
  <testcase name="shouldCreateApiClientWithDefaultConfig" classname="io.trust.client.starter.TrustClientAutoConfigurationTest" time="0.028"/>
  <testcase name="shouldNotCreateApiClientIfBeanAlreadyExists" classname="io.trust.client.starter.TrustClientAutoConfigurationTest" time="0.036"/>
  <testcase name="shouldOverrideBasePathFromProperties" classname="io.trust.client.starter.TrustClientAutoConfigurationTest" time="0.031"/>
</testsuite>